  dll.cpp
c:\users\ywin\source\repos\image-processing\dll1\dll.cpp(197): warning C4018: “<”: 有符号/无符号不匹配
c:\users\ywin\source\repos\image-processing\dll1\dll.cpp(270): warning C4018: “<”: 有符号/无符号不匹配
c:\users\ywin\source\repos\image-processing\dll1\dll.cpp(277): warning C4018: “<”: 有符号/无符号不匹配
c:\users\ywin\source\repos\image-processing\dll1\dll.cpp(300): warning C4018: “<”: 有符号/无符号不匹配
c:\users\ywin\source\repos\image-processing\dll1\dll.cpp(362): warning C4018: “<”: 有符号/无符号不匹配
c:\users\ywin\source\repos\image-processing\dll1\dll.cpp(435): warning C4018: “<”: 有符号/无符号不匹配
c:\users\ywin\source\repos\image-processing\dll1\dll.cpp(442): warning C4018: “<”: 有符号/无符号不匹配
c:\users\ywin\source\repos\image-processing\dll1\dll.cpp(473): warning C4018: “<”: 有符号/无符号不匹配
c:\users\ywin\source\repos\image-processing\dll1\dll.cpp(489): warning C4018: “<”: 有符号/无符号不匹配
c:\users\ywin\source\repos\image-processing\dll1\dll.cpp(517): warning C4018: “<”: 有符号/无符号不匹配
c:\users\ywin\source\repos\image-processing\dll1\dll.cpp(587): warning C4018: “<”: 有符号/无符号不匹配
c:\users\ywin\source\repos\image-processing\dll1\dll.cpp(616): warning C4018: “<”: 有符号/无符号不匹配
c:\users\ywin\source\repos\image-processing\dll1\dll.cpp(628): warning C4018: “<”: 有符号/无符号不匹配
c:\users\ywin\source\repos\image-processing\dll1\dll.cpp(651): warning C4018: “<”: 有符号/无符号不匹配
c:\users\ywin\source\repos\image-processing\dll1\dll.cpp(671): warning C4018: “<”: 有符号/无符号不匹配
c:\users\ywin\source\repos\image-processing\dll1\dll.cpp(691): warning C4018: “<”: 有符号/无符号不匹配
c:\users\ywin\source\repos\image-processing\dll1\dll.cpp(752): warning C4018: “<”: 有符号/无符号不匹配
c:\users\ywin\source\repos\image-processing\dll1\dll.cpp(773): warning C4018: “<”: 有符号/无符号不匹配
c:\users\ywin\source\repos\image-processing\dll1\dll.cpp(806): warning C4018: “<”: 有符号/无符号不匹配
    正在创建库 C:\Users\ywin\source\repos\image-processing\Release\Dll1.lib 和对象 C:\Users\ywin\source\repos\image-processing\Release\Dll1.exp
  正在生成代码
  2 of 456 functions ( 0.4%) were compiled, the rest were copied from previous compilation.
    0 functions were new in current compilation
    6 functions had inline decision re-evaluated but remain unchanged
  已完成代码的生成
  Dll1.vcxproj -> C:\Users\ywin\source\repos\image-processing\Release\Dll1.dll
