c:\users\ywin\source\repos\image-processing\dll2\debug\dll2.pch
c:\users\ywin\source\repos\image-processing\dll2\debug\vc141.pdb
c:\users\ywin\source\repos\image-processing\dll2\debug\stdafx.obj
c:\users\ywin\source\repos\image-processing\dll2\debug\dllmain.obj
c:\users\ywin\source\repos\image-processing\dll2\debug\dll2.obj
c:\users\ywin\source\repos\image-processing\dll2\debug\.netframework,version=v4.0.assemblyattributes.obj
c:\users\ywin\source\repos\image-processing\dll2\debug\.netframework,version=v4.0.assemblyattributes.asm
c:\users\ywin\source\repos\image-processing\debug\dll2.lib
c:\users\ywin\source\repos\image-processing\debug\dll2.exp
c:\users\ywin\source\repos\image-processing\debug\dll2.dll
c:\users\ywin\source\repos\image-processing\debug\dll2.pdb
c:\users\ywin\source\repos\image-processing\dll2\debug\dll2.vcxprojresolveassemblyreference.cache
c:\users\ywin\source\repos\image-processing\dll2\debug\dll2.tlog\cl.command.1.tlog
c:\users\ywin\source\repos\image-processing\dll2\debug\dll2.tlog\cl.read.1.tlog
c:\users\ywin\source\repos\image-processing\dll2\debug\dll2.tlog\cl.write.1.tlog
c:\users\ywin\source\repos\image-processing\dll2\debug\dll2.tlog\dll2.write.1u.tlog
c:\users\ywin\source\repos\image-processing\dll2\debug\dll2.tlog\link.command.1.tlog
c:\users\ywin\source\repos\image-processing\dll2\debug\dll2.tlog\link.read.1.tlog
c:\users\ywin\source\repos\image-processing\dll2\debug\dll2.tlog\link.write.1.tlog
c:\users\ywin\source\repos\image-processing\dll2\debug\dll2.tlog\metagen.read.1.tlog
c:\users\ywin\source\repos\image-processing\dll2\debug\dll2.tlog\metagen.write.1.tlog
c:\users\ywin\source\repos\image-processing\dll2\debug\dll2.tlog\tzres.dll.bi
