  dll.cpp
c1xx : warning C4199: C++/CLI、C++/CX 或 OpenMP 不支持两阶段名称查找；请使用 /Zc:twoPhase-
c:\users\ywin\source\repos\image-processing\dll1\dll.cpp(205): warning C4267: “初始化”: 从“size_t”转换到“int”，可能丢失数据
c:\users\ywin\source\repos\image-processing\dll1\dll.cpp(259): warning C4267: “初始化”: 从“size_t”转换到“int”，可能丢失数据
c:\users\ywin\source\repos\image-processing\dll1\dll.cpp(367): warning C4267: “初始化”: 从“size_t”转换到“int”，可能丢失数据
c:\users\ywin\source\repos\image-processing\dll1\dll.cpp(421): warning C4267: “初始化”: 从“size_t”转换到“int”，可能丢失数据
c:\users\ywin\source\repos\image-processing\dll1\dll.cpp(723): warning C4267: “初始化”: 从“size_t”转换到“int”，可能丢失数据
c:\users\ywin\source\repos\image-processing\dll1\dll.cpp(801): warning C4267: “初始化”: 从“size_t”转换到“int”，可能丢失数据
d:\program files\opencv\build\include\opencv2\core\cvstd.hpp(575): warning C4793: “cv::String::String”: 编译为本机的函数:
  	托管代码中发现一个不受支持的内部函数
d:\program files\opencv\build\include\opencv2\core\mat.inl.hpp(482): warning C4793: “cv::Mat::Mat”: 编译为本机的函数:
  	托管代码中发现一个不受支持的内部函数
c:\users\ywin\source\repos\image-processing\dll1\dll.cpp(134): warning C4715: “changestring”: 不是所有的控件路径都返回值
d:\program files\opencv\build\include\opencv2\core\mat.inl.hpp(803): warning C4793: “cv::Mat::release”: 编译为本机的函数:
  	托管代码中发现一个不受支持的内部函数
d:\program files\opencv\build\include\opencv2\core\mat.inl.hpp(2118): warning C4793: “cv::SparseMat::addref”: 编译为本机的函数:
  	托管代码中发现一个不受支持的内部函数
d:\program files\opencv\build\include\opencv2\core\mat.inl.hpp(3718): warning C4793: “cv::UMat::addref”: 编译为本机的函数:
  	托管代码中发现一个不受支持的内部函数
d:\program files\opencv\build\include\opencv2\core\ptr.inl.hpp(67): warning C4793: “cv::detail::PtrOwner::incRef”: 编译为本机的函数:
  	托管代码中发现一个不受支持的内部函数
d:\program files\opencv\build\include\opencv2\core\ptr.inl.hpp(72): warning C4793: “cv::detail::PtrOwner::decRef”: 编译为本机的函数:
  	托管代码中发现一个不受支持的内部函数
d:\program files\opencv\build\include\opencv2\core\cvstd.hpp(657): warning C4793: “cv::String::operator=”: 编译为本机的函数:
  	托管代码中发现一个不受支持的内部函数
    正在创建库 C:\Users\ywin\source\repos\image-processing\x64\Release\Dll1.lib 和对象 C:\Users\ywin\source\repos\image-processing\x64\Release\Dll1.exp
  LINK : 已指定 /LTCG，但不需要生成代码；从链接命令行中移除 /LTCG 以提高链接器性能
dll.obj : warning LNK4248: 无法解析 typeref 标记(01000014)(为“CvFileStorage”)；映像可能无法运行
  Dll1.vcxproj -> C:\Users\ywin\source\repos\image-processing\x64\Release\Dll1.dll
